<?xml version="1.0" encoding="UTF-8"?>
<testsuite xmlns:xsi="http://www.w3.org/2001/XMLSchema-instance" xsi:schemaLocation="https://maven.apache.org/surefire/maven-surefire-plugin/xsd/surefire-test-report.xsd" name="org.apache.bcel.CounterVisitorTestCase" time="0.015" tests="37" errors="0" skipped="0" failures="0">
  <properties>
[...]
</properties>
  <testcase name="testSignatureCount" classname="org.apache.bcel.CounterVisitorTestCase" time="0"/>
  <testcase name="testLocalVariableCount" classname="org.apache.bcel.CounterVisitorTestCase" time="0"/>
  <testcase name="testLineNumberCount" classname="org.apache.bcel.CounterVisitorTestCase" time="0"/>
  <testcase name="testConstantFloatCount" classname="org.apache.bcel.CounterVisitorTestCase" time="0"/>
  <testcase name="testMethodCount" classname="org.apache.bcel.CounterVisitorTestCase" time="0"/>
  <testcase name="testConstantDoubleCount" classname="org.apache.bcel.CounterVisitorTestCase" time="0"/>
  <testcase name="testLocalVariableTypeTableCount" classname="org.apache.bcel.CounterVisitorTestCase" time="0"/>
  <testcase name="testConstantStringCount" classname="org.apache.bcel.CounterVisitorTestCase" time="0"/>
  <testcase name="testConstantLongCount" classname="org.apache.bcel.CounterVisitorTestCase" time="0"/>
  <testcase name="testInnerClassesCount" classname="org.apache.bcel.CounterVisitorTestCase" time="0"/>
  <testcase name="testLineNumberTableCount" classname="org.apache.bcel.CounterVisitorTestCase" time="0"/>
  <testcase name="testConstantClassCount" classname="org.apache.bcel.CounterVisitorTestCase" time="0"/>
  <testcase name="testSourceFileCount" classname="org.apache.bcel.CounterVisitorTestCase" time="0"/>
  <testcase name="testSyntheticCount" classname="org.apache.bcel.CounterVisitorTestCase" time="0.001"/>
  <testcase name="testStackMapEntryCount" classname="org.apache.bcel.CounterVisitorTestCase" time="0"/>
  <testcase name="testCodeCount" classname="org.apache.bcel.CounterVisitorTestCase" time="0"/>
  <testcase name="testConstantFieldrefCount" classname="org.apache.bcel.CounterVisitorTestCase" time="0"/>
  <testcase name="testCodeExceptionCount" classname="org.apache.bcel.CounterVisitorTestCase" time="0.002"/>
  <testcase name="testLocalVariableTableCount" classname="org.apache.bcel.CounterVisitorTestCase" time="0"/>
  <testcase name="testUnknownCount" classname="org.apache.bcel.CounterVisitorTestCase" time="0"/>
  <testcase name="testConstantNameAndTypeCount" classname="org.apache.bcel.CounterVisitorTestCase" time="0"/>
  <testcase name="testJavaClassCount" classname="org.apache.bcel.CounterVisitorTestCase" time="0"/>
  <testcase name="testFieldCount" classname="org.apache.bcel.CounterVisitorTestCase" time="0"/>
  <testcase name="testDeprecatedCount" classname="org.apache.bcel.CounterVisitorTestCase" time="0"/>
  <testcase name="testAnnotationEntryCount" classname="org.apache.bcel.CounterVisitorTestCase" time="0"/>
  <testcase name="testExceptionTableCount" classname="org.apache.bcel.CounterVisitorTestCase" time="0"/>
  <testcase name="testStackMapCount" classname="org.apache.bcel.CounterVisitorTestCase" time="0"/>
  <testcase name="testEnclosingMethodCount" classname="org.apache.bcel.CounterVisitorTestCase" time="0"/>
  <testcase name="testInnerClassCount" classname="org.apache.bcel.CounterVisitorTestCase" time="0"/>
  <testcase name="testAnnotationDefaultCount" classname="org.apache.bcel.CounterVisitorTestCase" time="0"/>
  <testcase name="testConstantInterfaceMethodrefCount" classname="org.apache.bcel.CounterVisitorTestCase" time="0"/>
  <testcase name="testConstantPoolCount" classname="org.apache.bcel.CounterVisitorTestCase" time="0"/>
  <testcase name="testAnnotationsCount" classname="org.apache.bcel.CounterVisitorTestCase" time="0"/>
  <testcase name="testConstantIntegerCount" classname="org.apache.bcel.CounterVisitorTestCase" time="0"/>
  <testcase name="testParameterAnnotationCount" classname="org.apache.bcel.CounterVisitorTestCase" time="0"/>
  <testcase name="testConstantValueCount" classname="org.apache.bcel.CounterVisitorTestCase" time="0"/>
  <testcase name="testConstantMethodrefCount" classname="org.apache.bcel.CounterVisitorTestCase" time="0"/>
</testsuite>