# JRE version: OpenJDK Runtime Environment (8.0_282-b08) (build 1.8.0_282-b08)
# Java VM: OpenJDK 64-Bit Server VM (25.282-b08 mixed mode linux-amd64 compressed oops)
Heap:
 PSYoungGen      total 69120K, used 7648K [0x00000000d5580000, 0x00000000da280000, 0x0000000100000000)
  eden space 61440K, 0% used [0x00000000d5580000,0x00000000d5580000,0x00000000d9180000)
  from space 7680K, 99% used [0x00000000d9180000,0x00000000d98f8030,0x00000000d9900000)
  to   space 5632K, 0% used [0x00000000d9900000,0x00000000d9900000,0x00000000d9e80000)
 ParOldGen       total 42496K, used 20296K [0x0000000080000000, 0x0000000082980000, 0x00000000d5580000)
  object space 42496K, 47% used [0x0000000080000000,0x00000000813d2368,0x0000000082980000)
 Metaspace       used 17194K, capacity 17492K, committed 17664K, reserved 1064960K
  class space    used 1934K, capacity 2016K, committed 2048K, reserved 1048576K
GC Heap History (10 events):
Event: 139.917 GC heap after
Heap after GC invocations=4 (full 0):
 PSYoungGen      total 18432K, used 2528K [0x00000000d5580000, 0x00000000d6a00000, 0x0000000100000000)
  eden space 15872K, 0% used [0x00000000d5580000,0x00000000d5580000,0x00000000d6500000)
  from space 2560K, 98% used [0x00000000d6780000,0x00000000d69f8020,0x00000000d6a00000)
  to   space 2560K, 0% used [0x00000000d6500000,0x00000000d6500000,0x00000000d6780000)
 ParOldGen       total 42496K, used 5731K [0x0000000080000000, 0x0000000082980000, 0x00000000d5580000)
  object space 42496K, 13% used [0x0000000080000000,0x0000000080598fa8,0x0000000082980000)
 Metaspace       used 14877K, capacity 15170K, committed 15360K, reserved 1062912K
  class space    used 1671K, capacity 1756K, committed 1792K, reserved 1048576K
}
Event: 140.414 GC heap before
{Heap before GC invocations=5 (full 0):
 PSYoungGen      total 18432K, used 18400K [0x00000000d5580000, 0x00000000d6a00000, 0x0000000100000000)
  eden space 15872K, 100% used [0x00000000d5580000,0x00000000d6500000,0x00000000d6500000)
  from space 2560K, 98% used [0x00000000d6780000,0x00000000d69f8020,0x00000000d6a00000)
  to   space 2560K, 0% used [0x00000000d6500000,0x00000000d6500000,0x00000000d6780000)
 ParOldGen       total 42496K, used 5731K [0x0000000080000000, 0x0000000082980000, 0x00000000d5580000)
  object space 42496K, 13% used [0x0000000080000000,0x0000000080598fa8,0x0000000082980000)
 Metaspace       used 14887K, capacity 15170K, committed 15360K, reserved 1062912K
  class space    used 1671K, capacity 1756K, committed 1792K, reserved 1048576K
Event: 140.457 GC heap after
Heap after GC invocations=5 (full 0):
 PSYoungGen      total 18432K, used 2544K [0x00000000d5580000, 0x00000000d7f80000, 0x0000000100000000)
  eden space 15872K, 0% used [0x00000000d5580000,0x00000000d5580000,0x00000000d6500000)
  from space 2560K, 99% used [0x00000000d6500000,0x00000000d677c030,0x00000000d6780000)
  to   space 5632K, 0% used [0x00000000d7a00000,0x00000000d7a00000,0x00000000d7f80000)
 ParOldGen       total 42496K, used 5791K [0x0000000080000000, 0x0000000082980000, 0x00000000d5580000)
  object space 42496K, 13% used [0x0000000080000000,0x00000000805a7fc8,0x0000000082980000)
 Metaspace       used 14887K, capacity 15170K, committed 15360K, reserved 1062912K
  class space    used 1671K, capacity 1756K, committed 1792K, reserved 1048576K
}
Event: 324.781 GC heap before
{Heap before GC invocations=6 (full 0):
 PSYoungGen      total 18432K, used 18416K [0x00000000d5580000, 0x00000000d7f80000, 0x0000000100000000)
  eden space 15872K, 100% used [0x00000000d5580000,0x00000000d6500000,0x00000000d6500000)
  from space 2560K, 99% used [0x00000000d6500000,0x00000000d677c030,0x00000000d6780000)
  to   space 5632K, 0% used [0x00000000d7a00000,0x00000000d7a00000,0x00000000d7f80000)
 ParOldGen       total 42496K, used 5791K [0x0000000080000000, 0x0000000082980000, 0x00000000d5580000)
  object space 42496K, 13% used [0x0000000080000000,0x00000000805a7fc8,0x0000000082980000)
 Metaspace       used 15435K, capacity 15688K, committed 16000K, reserved 1062912K
  class space    used 1731K, capacity 1821K, committed 1920K, reserved 1048576K
Event: 324.835 GC heap after
Heap after GC invocations=6 (full 0):
 PSYoungGen      total 37376K, used 4256K [0x00000000d5580000, 0x00000000d7f80000, 0x0000000100000000)
  eden space 31744K, 0% used [0x00000000d5580000,0x00000000d5580000,0x00000000d7480000)
  from space 5632K, 75% used [0x00000000d7a00000,0x00000000d7e28000,0x00000000d7f80000)
  to   space 5632K, 0% used [0x00000000d7480000,0x00000000d7480000,0x00000000d7a00000)
 ParOldGen       total 42496K, used 5799K [0x0000000080000000, 0x0000000082980000, 0x00000000d5580000)
  object space 42496K, 13% used [0x0000000080000000,0x00000000805a9fc8,0x0000000082980000)
 Metaspace       used 15435K, capacity 15688K, committed 16000K, reserved 1062912K
  class space    used 1731K, capacity 1821K, committed 1920K, reserved 1048576K
}
Event: 325.343 GC heap before
{Heap before GC invocations=7 (full 0):
 PSYoungGen      total 37376K, used 36000K [0x00000000d5580000, 0x00000000d7f80000, 0x0000000100000000)
  eden space 31744K, 100% used [0x00000000d5580000,0x00000000d7480000,0x00000000d7480000)
  from space 5632K, 75% used [0x00000000d7a00000,0x00000000d7e28000,0x00000000d7f80000)
  to   space 5632K, 0% used [0x00000000d7480000,0x00000000d7480000,0x00000000d7a00000)
 ParOldGen       total 42496K, used 5799K [0x0000000080000000, 0x0000000082980000, 0x00000000d5580000)
  object space 42496K, 13% used [0x0000000080000000,0x00000000805a9fc8,0x0000000082980000)
 Metaspace       used 15533K, capacity 15752K, committed 16000K, reserved 1062912K
  class space    used 1731K, capacity 1821K, committed 1920K, reserved 1048576K
Event: 325.375 GC heap after
Heap after GC invocations=7 (full 0):
 PSYoungGen      total 37376K, used 3952K [0x00000000d5580000, 0x00000000d9e80000, 0x0000000100000000)
  eden space 31744K, 0% used [0x00000000d5580000,0x00000000d5580000,0x00000000d7480000)
  from space 5632K, 70% used [0x00000000d7480000,0x00000000d785c010,0x00000000d7a00000)
  to   space 5632K, 0% used [0x00000000d9900000,0x00000000d9900000,0x00000000d9e80000)
 ParOldGen       total 42496K, used 7496K [0x0000000080000000, 0x0000000082980000, 0x00000000d5580000)
  object space 42496K, 17% used [0x0000000080000000,0x0000000080752048,0x0000000082980000)
 Metaspace       used 15533K, capacity 15752K, committed 16000K, reserved 1062912K
  class space    used 1731K, capacity 1821K, committed 1920K, reserved 1048576K
}
Event: 328.078 GC heap before
{Heap before GC invocations=8 (full 0):
 PSYoungGen      total 37376K, used 35696K [0x00000000d5580000, 0x00000000d9e80000, 0x0000000100000000)
  eden space 31744K, 100% used [0x00000000d5580000,0x00000000d7480000,0x00000000d7480000)
  from space 5632K, 70% used [0x00000000d7480000,0x00000000d785c010,0x00000000d7a00000)
  to   space 5632K, 0% used [0x00000000d9900000,0x00000000d9900000,0x00000000d9e80000)
 ParOldGen       total 42496K, used 7496K [0x0000000080000000, 0x0000000082980000, 0x00000000d5580000)
  object space 42496K, 17% used [0x0000000080000000,0x0000000080752048,0x0000000082980000)
 Metaspace       used 17124K, capacity 17428K, committed 17664K, reserved 1064960K
  class space    used 1934K, capacity 2016K, committed 2048K, reserved 1048576K
Event: 328.101 GC heap after
Heap after GC invocations=8 (full 0):
 PSYoungGen      total 67072K, used 5600K [0x00000000d5580000, 0x00000000da280000, 0x0000000100000000)
  eden space 61440K, 0% used [0x00000000d5580000,0x00000000d5580000,0x00000000d9180000)
  from space 5632K, 99% used [0x00000000d9900000,0x00000000d9e78030,0x00000000d9e80000)
  to   space 7680K, 0% used [0x00000000d9180000,0x00000000d9180000,0x00000000d9900000)
 ParOldGen       total 42496K, used 10920K [0x0000000080000000, 0x0000000082980000, 0x00000000d5580000)
  object space 42496K, 25% used [0x0000000080000000,0x0000000080aaa308,0x0000000082980000)
 Metaspace       used 17124K, capacity 17428K, committed 17664K, reserved 1064960K
  class space    used 1934K, capacity 2016K, committed 2048K, reserved 1048576K
}
Event: 334.011 GC heap before
{Heap before GC invocations=9 (full 0):
 PSYoungGen      total 67072K, used 67040K [0x00000000d5580000, 0x00000000da280000, 0x0000000100000000)
  eden space 61440K, 100% used [0x00000000d5580000,0x00000000d9180000,0x00000000d9180000)
  from space 5632K, 99% used [0x00000000d9900000,0x00000000d9e78030,0x00000000d9e80000)
  to   space 7680K, 0% used [0x00000000d9180000,0x00000000d9180000,0x00000000d9900000)
 ParOldGen       total 42496K, used 10920K [0x0000000080000000, 0x0000000082980000, 0x00000000d5580000)
  object space 42496K, 25% used [0x0000000080000000,0x0000000080aaa308,0x0000000082980000)
 Metaspace       used 17194K, capacity 17492K, committed 17664K, reserved 1064960K
  class space    used 1934K, capacity 2016K, committed 2048K, reserved 1048576K

