# JRE version: OpenJDK Runtime Environment (8.0_282-b08) (build 1.8.0_282-b08)
# Java VM: OpenJDK 64-Bit Server VM (25.282-b08 mixed mode linux-amd64 compressed oops)
Heap:
 PSYoungGen      total 136192K, used 15841K [0x00000000d5580000, 0x00000000df480000, 0x0000000100000000)
  eden space 120320K, 0% used [0x00000000d5580000,0x00000000d5580000,0x00000000dcb00000)
  from space 15872K, 99% used [0x00000000dcb00000,0x00000000dda78490,0x00000000dda80000)
  to   space 5120K, 0% used [0x00000000dda80000,0x00000000dda80000,0x00000000ddf80000)
 ParOldGen       total 86016K, used 27110K [0x0000000080000000, 0x0000000085400000, 0x00000000d5580000)
  object space 86016K, 31% used [0x0000000080000000,0x0000000081a79ad0,0x0000000085400000)
 Metaspace       used 17388K, capacity 17680K, committed 17920K, reserved 1064960K
  class space    used 1949K, capacity 2015K, committed 2048K, reserved 1048576K
GC Heap History (10 events):
Event: 10.633 GC heap after
Heap after GC invocations=3 (full 1):
 PSYoungGen      total 37888K, used 4283K [0x00000000d5580000, 0x00000000d7f80000, 0x0000000100000000)
  eden space 32768K, 0% used [0x00000000d5580000,0x00000000d5580000,0x00000000d7580000)
  from space 5120K, 83% used [0x00000000d7a80000,0x00000000d7eaef20,0x00000000d7f80000)
  to   space 5120K, 0% used [0x00000000d7580000,0x00000000d7580000,0x00000000d7a80000)
 ParOldGen       total 86016K, used 3612K [0x0000000080000000, 0x0000000085400000, 0x00000000d5580000)
  object space 86016K, 4% used [0x0000000080000000,0x00000000803873a0,0x0000000085400000)
 Metaspace       used 14686K, capacity 14956K, committed 15104K, reserved 1062912K
  class space    used 1661K, capacity 1752K, committed 1792K, reserved 1048576K
}
Event: 12.658 GC heap before
{Heap before GC invocations=4 (full 1):
 PSYoungGen      total 37888K, used 37051K [0x00000000d5580000, 0x00000000d7f80000, 0x0000000100000000)
  eden space 32768K, 100% used [0x00000000d5580000,0x00000000d7580000,0x00000000d7580000)
  from space 5120K, 83% used [0x00000000d7a80000,0x00000000d7eaef20,0x00000000d7f80000)
  to   space 5120K, 0% used [0x00000000d7580000,0x00000000d7580000,0x00000000d7a80000)
 ParOldGen       total 86016K, used 3612K [0x0000000080000000, 0x0000000085400000, 0x00000000d5580000)
  object space 86016K, 4% used [0x0000000080000000,0x00000000803873a0,0x0000000085400000)
 Metaspace       used 14820K, capacity 15096K, committed 15360K, reserved 1062912K
  class space    used 1669K, capacity 1754K, committed 1792K, reserved 1048576K
Event: 12.697 GC heap after
Heap after GC invocations=4 (full 1):
 PSYoungGen      total 37888K, used 2481K [0x00000000d5580000, 0x00000000d9f80000, 0x0000000100000000)
  eden space 32768K, 0% used [0x00000000d5580000,0x00000000d5580000,0x00000000d7580000)
  from space 5120K, 48% used [0x00000000d7580000,0x00000000d77ec640,0x00000000d7a80000)
  to   space 5120K, 0% used [0x00000000d9a80000,0x00000000d9a80000,0x00000000d9f80000)
 ParOldGen       total 86016K, used 3620K [0x0000000080000000, 0x0000000085400000, 0x00000000d5580000)
  object space 86016K, 4% used [0x0000000080000000,0x00000000803893a0,0x0000000085400000)
 Metaspace       used 14820K, capacity 15096K, committed 15360K, reserved 1062912K
  class space    used 1669K, capacity 1754K, committed 1792K, reserved 1048576K
}
Event: 15.170 GC heap before
{Heap before GC invocations=5 (full 1):
 PSYoungGen      total 37888K, used 35249K [0x00000000d5580000, 0x00000000d9f80000, 0x0000000100000000)
  eden space 32768K, 100% used [0x00000000d5580000,0x00000000d7580000,0x00000000d7580000)
  from space 5120K, 48% used [0x00000000d7580000,0x00000000d77ec640,0x00000000d7a80000)
  to   space 5120K, 0% used [0x00000000d9a80000,0x00000000d9a80000,0x00000000d9f80000)
 ParOldGen       total 86016K, used 3620K [0x0000000080000000, 0x0000000085400000, 0x00000000d5580000)
  object space 86016K, 4% used [0x0000000080000000,0x00000000803893a0,0x0000000085400000)
 Metaspace       used 15455K, capacity 15710K, committed 15872K, reserved 1062912K
  class space    used 1727K, capacity 1787K, committed 1792K, reserved 1048576K
Event: 15.213 GC heap after
Heap after GC invocations=5 (full 1):
 PSYoungGen      total 70656K, used 4880K [0x00000000d5580000, 0x00000000d9f80000, 0x0000000100000000)
  eden space 65536K, 0% used [0x00000000d5580000,0x00000000d5580000,0x00000000d9580000)
  from space 5120K, 95% used [0x00000000d9a80000,0x00000000d9f44030,0x00000000d9f80000)
  to   space 5120K, 0% used [0x00000000d9580000,0x00000000d9580000,0x00000000d9a80000)
 ParOldGen       total 86016K, used 3628K [0x0000000080000000, 0x0000000085400000, 0x00000000d5580000)
  object space 86016K, 4% used [0x0000000080000000,0x000000008038b3a0,0x0000000085400000)
 Metaspace       used 15455K, capacity 15710K, committed 15872K, reserved 1062912K
  class space    used 1727K, capacity 1787K, committed 1792K, reserved 1048576K
}
Event: 25.385 GC heap before
{Heap before GC invocations=6 (full 1):
 PSYoungGen      total 70656K, used 70416K [0x00000000d5580000, 0x00000000d9f80000, 0x0000000100000000)
  eden space 65536K, 100% used [0x00000000d5580000,0x00000000d9580000,0x00000000d9580000)
  from space 5120K, 95% used [0x00000000d9a80000,0x00000000d9f44030,0x00000000d9f80000)
  to   space 5120K, 0% used [0x00000000d9580000,0x00000000d9580000,0x00000000d9a80000)
 ParOldGen       total 86016K, used 3628K [0x0000000080000000, 0x0000000085400000, 0x00000000d5580000)
  object space 86016K, 4% used [0x0000000080000000,0x000000008038b3a0,0x0000000085400000)
 Metaspace       used 17078K, capacity 17418K, committed 17664K, reserved 1064960K
  class space    used 1932K, capacity 2014K, committed 2048K, reserved 1048576K
Event: 25.444 GC heap after
Heap after GC invocations=6 (full 1):
 PSYoungGen      total 70656K, used 5104K [0x00000000d5580000, 0x00000000ddf80000, 0x0000000100000000)
  eden space 65536K, 0% used [0x00000000d5580000,0x00000000d5580000,0x00000000d9580000)
  from space 5120K, 99% used [0x00000000d9580000,0x00000000d9a7c020,0x00000000d9a80000)
  to   space 5120K, 0% used [0x00000000dda80000,0x00000000dda80000,0x00000000ddf80000)
 ParOldGen       total 86016K, used 16140K [0x0000000080000000, 0x0000000085400000, 0x00000000d5580000)
  object space 86016K, 18% used [0x0000000080000000,0x0000000080fc3370,0x0000000085400000)
 Metaspace       used 17078K, capacity 17418K, committed 17664K, reserved 1064960K
  class space    used 1932K, capacity 2014K, committed 2048K, reserved 1048576K
}
Event: 38.426 GC heap before
{Heap before GC invocations=7 (full 1):
 PSYoungGen      total 70656K, used 70640K [0x00000000d5580000, 0x00000000ddf80000, 0x0000000100000000)
  eden space 65536K, 100% used [0x00000000d5580000,0x00000000d9580000,0x00000000d9580000)
  from space 5120K, 99% used [0x00000000d9580000,0x00000000d9a7c020,0x00000000d9a80000)
  to   space 5120K, 0% used [0x00000000dda80000,0x00000000dda80000,0x00000000ddf80000)
 ParOldGen       total 86016K, used 16140K [0x0000000080000000, 0x0000000085400000, 0x00000000d5580000)
  object space 86016K, 18% used [0x0000000080000000,0x0000000080fc3370,0x0000000085400000)
 Metaspace       used 17213K, capacity 17488K, committed 17664K, reserved 1064960K
  class space    used 1938K, capacity 2015K, committed 2048K, reserved 1048576K
Event: 86.438 GC heap after
Heap after GC invocations=7 (full 1):
 PSYoungGen      total 125440K, used 5104K [0x00000000d5580000, 0x00000000df480000, 0x0000000100000000)
  eden space 120320K, 0% used [0x00000000d5580000,0x00000000d5580000,0x00000000dcb00000)
  from space 5120K, 99% used [0x00000000dda80000,0x00000000ddf7c030,0x00000000ddf80000)
  to   space 15872K, 0% used [0x00000000dcb00000,0x00000000dcb00000,0x00000000dda80000)
 ParOldGen       total 86016K, used 21690K [0x0000000080000000, 0x0000000085400000, 0x00000000d5580000)
  object space 86016K, 25% used [0x0000000080000000,0x000000008152e928,0x0000000085400000)
 Metaspace       used 17213K, capacity 17488K, committed 17664K, reserved 1064960K
  class space    used 1938K, capacity 2015K, committed 2048K, reserved 1048576K
}
Event: 392.846 GC heap before
{Heap before GC invocations=8 (full 1):
 PSYoungGen      total 125440K, used 125424K [0x00000000d5580000, 0x00000000df480000, 0x0000000100000000)
  eden space 120320K, 100% used [0x00000000d5580000,0x00000000dcb00000,0x00000000dcb00000)
  from space 5120K, 99% used [0x00000000dda80000,0x00000000ddf7c030,0x00000000ddf80000)
  to   space 15872K, 0% used [0x00000000dcb00000,0x00000000dcb00000,0x00000000dda80000)
 ParOldGen       total 86016K, used 21690K [0x0000000080000000, 0x0000000085400000, 0x00000000d5580000)
  object space 86016K, 25% used [0x0000000080000000,0x000000008152e928,0x0000000085400000)
 Metaspace       used 17388K, capacity 17680K, committed 17920K, reserved 1064960K
  class space    used 1949K, capacity 2015K, committed 2048K, reserved 1048576K

