# JRE version: OpenJDK Runtime Environment (8.0_282-b08) (build 1.8.0_282-b08)
# Java VM: OpenJDK 64-Bit Server VM (25.282-b08 mixed mode linux-amd64 compressed oops)
Heap:
 PSYoungGen      total 69120K, used 8688K [0x00000000d5580000, 0x00000000da480000, 0x0000000100000000)
  eden space 60416K, 0% used [0x00000000d5580000,0x00000000d5580000,0x00000000d9080000)
  from space 8704K, 99% used [0x00000000d9080000,0x00000000d98fc050,0x00000000d9900000)
  to   space 5632K, 0% used [0x00000000d9900000,0x00000000d9900000,0x00000000d9e80000)
 ParOldGen       total 42496K, used 19692K [0x0000000080000000, 0x0000000082980000, 0x00000000d5580000)
  object space 42496K, 46% used [0x0000000080000000,0x000000008133b118,0x0000000082980000)
 Metaspace       used 17164K, capacity 17428K, committed 17664K, reserved 1064960K
  class space    used 1935K, capacity 2016K, committed 2048K, reserved 1048576K
GC Heap History (10 events):
Event: 138.887 GC heap after
Heap after GC invocations=4 (full 0):
 PSYoungGen      total 18432K, used 2528K [0x00000000d5580000, 0x00000000d6a00000, 0x0000000100000000)
  eden space 15872K, 0% used [0x00000000d5580000,0x00000000d5580000,0x00000000d6500000)
  from space 2560K, 98% used [0x00000000d6780000,0x00000000d69f8020,0x00000000d6a00000)
  to   space 2560K, 0% used [0x00000000d6500000,0x00000000d6500000,0x00000000d6780000)
 ParOldGen       total 42496K, used 5740K [0x0000000080000000, 0x0000000082980000, 0x00000000d5580000)
  object space 42496K, 13% used [0x0000000080000000,0x000000008059b380,0x0000000082980000)
 Metaspace       used 14838K, capacity 15100K, committed 15360K, reserved 1062912K
  class space    used 1670K, capacity 1755K, committed 1792K, reserved 1048576K
}
Event: 139.377 GC heap before
{Heap before GC invocations=5 (full 0):
 PSYoungGen      total 18432K, used 18400K [0x00000000d5580000, 0x00000000d6a00000, 0x0000000100000000)
  eden space 15872K, 100% used [0x00000000d5580000,0x00000000d6500000,0x00000000d6500000)
  from space 2560K, 98% used [0x00000000d6780000,0x00000000d69f8020,0x00000000d6a00000)
  to   space 2560K, 0% used [0x00000000d6500000,0x00000000d6500000,0x00000000d6780000)
 ParOldGen       total 42496K, used 5740K [0x0000000080000000, 0x0000000082980000, 0x00000000d5580000)
  object space 42496K, 13% used [0x0000000080000000,0x000000008059b380,0x0000000082980000)
 Metaspace       used 14855K, capacity 15106K, committed 15360K, reserved 1062912K
  class space    used 1671K, capacity 1756K, committed 1792K, reserved 1048576K
Event: 139.407 GC heap after
Heap after GC invocations=5 (full 0):
 PSYoungGen      total 18432K, used 2544K [0x00000000d5580000, 0x00000000d7f80000, 0x0000000100000000)
  eden space 15872K, 0% used [0x00000000d5580000,0x00000000d5580000,0x00000000d6500000)
  from space 2560K, 99% used [0x00000000d6500000,0x00000000d677c010,0x00000000d6780000)
  to   space 5632K, 0% used [0x00000000d7a00000,0x00000000d7a00000,0x00000000d7f80000)
 ParOldGen       total 42496K, used 5804K [0x0000000080000000, 0x0000000082980000, 0x00000000d5580000)
  object space 42496K, 13% used [0x0000000080000000,0x00000000805ab390,0x0000000082980000)
 Metaspace       used 14855K, capacity 15106K, committed 15360K, reserved 1062912K
  class space    used 1671K, capacity 1756K, committed 1792K, reserved 1048576K
}
Event: 323.555 GC heap before
{Heap before GC invocations=6 (full 0):
 PSYoungGen      total 18432K, used 18416K [0x00000000d5580000, 0x00000000d7f80000, 0x0000000100000000)
  eden space 15872K, 100% used [0x00000000d5580000,0x00000000d6500000,0x00000000d6500000)
  from space 2560K, 99% used [0x00000000d6500000,0x00000000d677c010,0x00000000d6780000)
  to   space 5632K, 0% used [0x00000000d7a00000,0x00000000d7a00000,0x00000000d7f80000)
 ParOldGen       total 42496K, used 5804K [0x0000000080000000, 0x0000000082980000, 0x00000000d5580000)
  object space 42496K, 13% used [0x0000000080000000,0x00000000805ab390,0x0000000082980000)
 Metaspace       used 15395K, capacity 15688K, committed 16000K, reserved 1062912K
  class space    used 1730K, capacity 1821K, committed 1920K, reserved 1048576K
Event: 323.594 GC heap after
Heap after GC invocations=6 (full 0):
 PSYoungGen      total 37376K, used 4224K [0x00000000d5580000, 0x00000000d7f80000, 0x0000000100000000)
  eden space 31744K, 0% used [0x00000000d5580000,0x00000000d5580000,0x00000000d7480000)
  from space 5632K, 75% used [0x00000000d7a00000,0x00000000d7e20040,0x00000000d7f80000)
  to   space 5632K, 0% used [0x00000000d7480000,0x00000000d7480000,0x00000000d7a00000)
 ParOldGen       total 42496K, used 5812K [0x0000000080000000, 0x0000000082980000, 0x00000000d5580000)
  object space 42496K, 13% used [0x0000000080000000,0x00000000805ad390,0x0000000082980000)
 Metaspace       used 15395K, capacity 15688K, committed 16000K, reserved 1062912K
  class space    used 1730K, capacity 1821K, committed 1920K, reserved 1048576K
}
Event: 324.082 GC heap before
{Heap before GC invocations=7 (full 0):
 PSYoungGen      total 37376K, used 35968K [0x00000000d5580000, 0x00000000d7f80000, 0x0000000100000000)
  eden space 31744K, 100% used [0x00000000d5580000,0x00000000d7480000,0x00000000d7480000)
  from space 5632K, 75% used [0x00000000d7a00000,0x00000000d7e20040,0x00000000d7f80000)
  to   space 5632K, 0% used [0x00000000d7480000,0x00000000d7480000,0x00000000d7a00000)
 ParOldGen       total 42496K, used 5812K [0x0000000080000000, 0x0000000082980000, 0x00000000d5580000)
  object space 42496K, 13% used [0x0000000080000000,0x00000000805ad390,0x0000000082980000)
 Metaspace       used 15483K, capacity 15752K, committed 16000K, reserved 1062912K
  class space    used 1730K, capacity 1821K, committed 1920K, reserved 1048576K
Event: 324.120 GC heap after
Heap after GC invocations=7 (full 0):
 PSYoungGen      total 37376K, used 4016K [0x00000000d5580000, 0x00000000d9e80000, 0x0000000100000000)
  eden space 31744K, 0% used [0x00000000d5580000,0x00000000d5580000,0x00000000d7480000)
  from space 5632K, 71% used [0x00000000d7480000,0x00000000d786c010,0x00000000d7a00000)
  to   space 5632K, 0% used [0x00000000d9900000,0x00000000d9900000,0x00000000d9e80000)
 ParOldGen       total 42496K, used 7457K [0x0000000080000000, 0x0000000082980000, 0x00000000d5580000)
  object space 42496K, 17% used [0x0000000080000000,0x0000000080748440,0x0000000082980000)
 Metaspace       used 15483K, capacity 15752K, committed 16000K, reserved 1062912K
  class space    used 1730K, capacity 1821K, committed 1920K, reserved 1048576K
}
Event: 326.724 GC heap before
{Heap before GC invocations=8 (full 0):
 PSYoungGen      total 37376K, used 35760K [0x00000000d5580000, 0x00000000d9e80000, 0x0000000100000000)
  eden space 31744K, 100% used [0x00000000d5580000,0x00000000d7480000,0x00000000d7480000)
  from space 5632K, 71% used [0x00000000d7480000,0x00000000d786c010,0x00000000d7a00000)
  to   space 5632K, 0% used [0x00000000d9900000,0x00000000d9900000,0x00000000d9e80000)
 ParOldGen       total 42496K, used 7457K [0x0000000080000000, 0x0000000082980000, 0x00000000d5580000)
  object space 42496K, 17% used [0x0000000080000000,0x0000000080748440,0x0000000082980000)
 Metaspace       used 17093K, capacity 17364K, committed 17664K, reserved 1064960K
  class space    used 1934K, capacity 2016K, committed 2048K, reserved 1048576K
Event: 326.748 GC heap after
Heap after GC invocations=8 (full 0):
 PSYoungGen      total 66048K, used 5616K [0x00000000d5580000, 0x00000000da480000, 0x0000000100000000)
  eden space 60416K, 0% used [0x00000000d5580000,0x00000000d5580000,0x00000000d9080000)
  from space 5632K, 99% used [0x00000000d9900000,0x00000000d9e7c020,0x00000000d9e80000)
  to   space 8704K, 0% used [0x00000000d9080000,0x00000000d9080000,0x00000000d9900000)
 ParOldGen       total 42496K, used 12888K [0x0000000080000000, 0x0000000082980000, 0x00000000d5580000)
  object space 42496K, 30% used [0x0000000080000000,0x0000000080c960e8,0x0000000082980000)
 Metaspace       used 17093K, capacity 17364K, committed 17664K, reserved 1064960K
  class space    used 1934K, capacity 2016K, committed 2048K, reserved 1048576K
}
Event: 332.105 GC heap before
{Heap before GC invocations=9 (full 0):
 PSYoungGen      total 66048K, used 66032K [0x00000000d5580000, 0x00000000da480000, 0x0000000100000000)
  eden space 60416K, 100% used [0x00000000d5580000,0x00000000d9080000,0x00000000d9080000)
  from space 5632K, 99% used [0x00000000d9900000,0x00000000d9e7c020,0x00000000d9e80000)
  to   space 8704K, 0% used [0x00000000d9080000,0x00000000d9080000,0x00000000d9900000)
 ParOldGen       total 42496K, used 12888K [0x0000000080000000, 0x0000000082980000, 0x00000000d5580000)
  object space 42496K, 30% used [0x0000000080000000,0x0000000080c960e8,0x0000000082980000)
 Metaspace       used 17164K, capacity 17428K, committed 17664K, reserved 1064960K
  class space    used 1935K, capacity 2016K, committed 2048K, reserved 1048576K

