* EvoSuite 1.0.6-SNAPSHOT
* Going to generate test cases for class: org.apache.bcel.generic.ConstantPoolGen
* Starting client
* Connecting to master process on port 7916
* Analyzing classpath: 
  - /home/book/Desktop/bcel/target/classes
  - /home/book/Desktop/tardis/master/build/libs/tardis-master-0.1.0-SNAPSHOT-shaded.jar
* Finished analyzing classpath
* Generating tests for class org.apache.bcel.generic.ConstantPoolGen
* Test criterion:
  - Path Condition Coverage
GOALS: {org.apache.bcel.generic.ConstantPoolGen={lookupUtf8(Ljava/lang/String;)I=[org.apache.bcel.generic.ConstantPoolGen.lookupUtf8(Ljava/lang/String;)I: path condition EvoSuiteWrapper_23 (id = 0)]}}
[Progress:>                             0%] [Cov:>                                  0%]* Total number of test goals for MOSA: 1
* Using seed 1620630400148
* Starting evolution

 Initial Number of Goals = 1
[MASTER] 00:09:16.023 [logback-1] WARN  TimeController - Phase INITIALIZATION lasted too long, 19 seconds more than allowed.
[MASTER] 00:10:57.117 [main] ERROR ExternalProcessHandler - Class org.apache.bcel.generic.ConstantPoolGen. Lost connection with clients.
ClientNode: SEARCH

java.rmi.UnmarshalException: Error unmarshaling return header; nested exception is: 
	java.io.EOFException
	at sun.rmi.transport.StreamRemoteCall.executeCall(StreamRemoteCall.java:254) ~[na:1.8.0_282]
	at sun.rmi.server.UnicastRef.invoke(UnicastRef.java:164) ~[na:1.8.0_282]
	at java.rmi.server.RemoteObjectInvocationHandler.invokeRemoteMethod(RemoteObjectInvocationHandler.java:235) ~[na:1.8.0_282]
	at java.rmi.server.RemoteObjectInvocationHandler.invoke(RemoteObjectInvocationHandler.java:180) ~[na:1.8.0_282]
	at com.sun.proxy.$Proxy7.waitUntilFinished(Unknown Source) ~[na:na]
	at shaded.org.evosuite.utils.ExternalProcessHandler.waitForResult(ExternalProcessHandler.java:608) ~[evosuite-shaded-1.0.6-SNAPSHOT.jar:1.0.6-SNAPSHOT]
	at shaded.org.evosuite.executionmode.TestGeneration.generateTests(TestGeneration.java:472) [evosuite-shaded-1.0.6-SNAPSHOT.jar:1.0.6-SNAPSHOT]
	at shaded.org.evosuite.executionmode.TestGeneration.executeTestGeneration(TestGeneration.java:78) [evosuite-shaded-1.0.6-SNAPSHOT.jar:1.0.6-SNAPSHOT]
	at shaded.org.evosuite.EvoSuite.parseCommandLine(EvoSuite.java:267) [evosuite-shaded-1.0.6-SNAPSHOT.jar:1.0.6-SNAPSHOT]
	at shaded.org.evosuite.EvoSuite.main(EvoSuite.java:300) [evosuite-shaded-1.0.6-SNAPSHOT.jar:1.0.6-SNAPSHOT]
Caused by: java.io.EOFException: null
	at java.io.DataInputStream.readByte(DataInputStream.java:267) ~[na:1.8.0_282]
	at sun.rmi.transport.StreamRemoteCall.executeCall(StreamRemoteCall.java:240) ~[na:1.8.0_282]
	... 9 common frames omitted
* Computation finished
[MASTER] 00:10:57.235 [main] ERROR SearchStatistics - No statistics has been saved because EvoSuite failed to generate any test case
[MASTER] 00:10:57.696 [main] ERROR TestGeneration - failed to write statistics data
